#
# There is insufficient memory for the Java Runtime Environment to continue.
# Native memory allocation (mmap) failed to map 3579314176 bytes for committing reserved memory.
# Possible reasons:
#   The system is out of physical RAM or swap space
#   In 32 bit mode, the process size limit was hit
# Possible solutions:
#   Reduce memory load on the system
#   Increase physical memory or swap space
#   Check if swap backing store is full
#   Use 64 bit Java on a 64 bit OS
#   Decrease Java heap size (-Xmx/-Xms)
#   Decrease number of Java threads
#   Decrease Java thread stack sizes (-Xss)
#   Set larger code cache with -XX:ReservedCodeCacheSize=
# This output file may be truncated or incomplete.
#
#  Out of Memory Error (os_linux.cpp:2651), pid=126599, tid=0x00007fd50b7ce700
#
# JRE version:  (8.0_131-b11) (build )
# Java VM: OpenJDK 64-Bit Server VM (25.131-b11 mixed mode linux-amd64 compressed oops)
# Failed to write core dump. Core dumps have been disabled. To enable core dumping, try "ulimit -c unlimited" before starting Java again
#

---------------  T H R E A D  ---------------

Current thread (0x00007fd504008000):  JavaThread "Unknown thread" [_thread_in_vm, id=126601, stack(0x00007fd50b6ce000,0x00007fd50b7cf000)]

Stack: [0x00007fd50b6ce000,0x00007fd50b7cf000],  sp=0x00007fd50b7cd5c0,  free space=1021k
Native frames: (J=compiled Java code, j=interpreted, Vv=VM code, C=native code)
V  [libjvm.so+0xa1520d]
V  [libjvm.so+0x4c79ca]
V  [libjvm.so+0x8757b0]
V  [libjvm.so+0x86feae]
V  [libjvm.so+0x8e7ccb]
V  [libjvm.so+0x8d97c8]
V  [libjvm.so+0x2ca943]
V  [libjvm.so+0x899ee0]
V  [libjvm.so+0x9df509]
V  [libjvm.so+0x9df712]
V  [libjvm.so+0x5f3655]
V  [libjvm.so+0x9c2e1e]
V  [libjvm.so+0x66665f]  JNI_CreateJavaVM+0x5f
C  [libjli.so+0x3057]
C  [libpthread.so.0+0x7dc5]  start_thread+0xc5


---------------  P R O C E S S  ---------------

Java Threads: ( => current thread )

Other Threads:

=>0x00007fd504008000 (exited) JavaThread "Unknown thread" [_thread_in_vm, id=126601, stack(0x00007fd50b6ce000,0x00007fd50b7cf000)]

VM state:not at safepoint (not fully initialized)

VM Mutex/Monitor currently owned by a thread: None

GC Heap History (0 events):
No events

Deoptimization events (0 events):
No events

Internal exceptions (0 events):
No events

Events (0 events):
No events


Dynamic libraries:
00400000-00401000 r-xp 00000000 ca:01 302358712                          /usr/lib/jvm/java-1.8.0-openjdk-1.8.0.131-2.b11.el7_3.x86_64/jre/bin/java
00600000-00601000 r--p 00000000 ca:01 302358712                          /usr/lib/jvm/java-1.8.0-openjdk-1.8.0.131-2.b11.el7_3.x86_64/jre/bin/java
00601000-00602000 rw-p 00001000 ca:01 302358712                          /usr/lib/jvm/java-1.8.0-openjdk-1.8.0.131-2.b11.el7_3.x86_64/jre/bin/java
02290000-022b1000 rw-p 00000000 00:00 0                                  [heap]
695580000-715580000 ---p 00000000 00:00 0 
715580000-780000000 rw-p 00000000 00:00 0 
780000000-7c0000000 ---p 00000000 00:00 0 
7fd4f3fff000-7fd4f4aa9000 ---p 00000000 00:00 0 
7fd4f4aa9000-7fd4f4dff000 rw-p 00000000 00:00 0 
7fd4f4dff000-7fd4f4fff000 ---p 00000000 00:00 0 
7fd4f4fff000-7fd4f5000000 rw-p 00000000 00:00 0 
7fd4f5000000-7fd4f5270000 rwxp 00000000 00:00 0 
7fd4f5270000-7fd504000000 ---p 00000000 00:00 0 
7fd504000000-7fd50402f000 rw-p 00000000 00:00 0 
7fd50402f000-7fd508000000 ---p 00000000 00:00 0 
7fd508681000-7fd50868b000 rw-p 00000000 00:00 0 
7fd50868b000-7fd508a41000 ---p 00000000 00:00 0 
7fd508a41000-7fd508a49000 r-xp 00000000 ca:01 318871423                  /usr/lib/jvm/java-1.8.0-openjdk-1.8.0.131-2.b11.el7_3.x86_64/jre/lib/amd64/libzip.so
7fd508a49000-7fd508c48000 ---p 00008000 ca:01 318871423                  /usr/lib/jvm/java-1.8.0-openjdk-1.8.0.131-2.b11.el7_3.x86_64/jre/lib/amd64/libzip.so
7fd508c48000-7fd508c49000 r--p 00007000 ca:01 318871423                  /usr/lib/jvm/java-1.8.0-openjdk-1.8.0.131-2.b11.el7_3.x86_64/jre/lib/amd64/libzip.so
7fd508c49000-7fd508c4a000 rw-p 00008000 ca:01 318871423                  /usr/lib/jvm/java-1.8.0-openjdk-1.8.0.131-2.b11.el7_3.x86_64/jre/lib/amd64/libzip.so
7fd508c4a000-7fd508c77000 r-xp 00000000 ca:01 318871403                  /usr/lib/jvm/java-1.8.0-openjdk-1.8.0.131-2.b11.el7_3.x86_64/jre/lib/amd64/libjava.so
7fd508c77000-7fd508e77000 ---p 0002d000 ca:01 318871403                  /usr/lib/jvm/java-1.8.0-openjdk-1.8.0.131-2.b11.el7_3.x86_64/jre/lib/amd64/libjava.so
7fd508e77000-7fd508e78000 r--p 0002d000 ca:01 318871403                  /usr/lib/jvm/java-1.8.0-openjdk-1.8.0.131-2.b11.el7_3.x86_64/jre/lib/amd64/libjava.so
7fd508e78000-7fd508e7a000 rw-p 0002e000 ca:01 318871403                  /usr/lib/jvm/java-1.8.0-openjdk-1.8.0.131-2.b11.el7_3.x86_64/jre/lib/amd64/libjava.so
7fd508e7a000-7fd508e87000 r-xp 00000000 ca:01 318871422                  /usr/lib/jvm/java-1.8.0-openjdk-1.8.0.131-2.b11.el7_3.x86_64/jre/lib/amd64/libverify.so
7fd508e87000-7fd509086000 ---p 0000d000 ca:01 318871422                  /usr/lib/jvm/java-1.8.0-openjdk-1.8.0.131-2.b11.el7_3.x86_64/jre/lib/amd64/libverify.so
7fd509086000-7fd509088000 r--p 0000c000 ca:01 318871422                  /usr/lib/jvm/java-1.8.0-openjdk-1.8.0.131-2.b11.el7_3.x86_64/jre/lib/amd64/libverify.so
7fd509088000-7fd509089000 rw-p 0000e000 ca:01 318871422                  /usr/lib/jvm/java-1.8.0-openjdk-1.8.0.131-2.b11.el7_3.x86_64/jre/lib/amd64/libverify.so
7fd509089000-7fd509090000 r-xp 00000000 ca:01 233898                     /usr/lib64/librt-2.17.so
7fd509090000-7fd50928f000 ---p 00007000 ca:01 233898                     /usr/lib64/librt-2.17.so
7fd50928f000-7fd509290000 r--p 00006000 ca:01 233898                     /usr/lib64/librt-2.17.so
7fd509290000-7fd509291000 rw-p 00007000 ca:01 233898                     /usr/lib64/librt-2.17.so
7fd509291000-7fd5092a6000 r-xp 00000000 ca:01 716                        /usr/lib64/libgcc_s-4.8.5-20150702.so.1
7fd5092a6000-7fd5094a5000 ---p 00015000 ca:01 716                        /usr/lib64/libgcc_s-4.8.5-20150702.so.1
7fd5094a5000-7fd5094a6000 r--p 00014000 ca:01 716                        /usr/lib64/libgcc_s-4.8.5-20150702.so.1
7fd5094a6000-7fd5094a7000 rw-p 00015000 ca:01 716                        /usr/lib64/libgcc_s-4.8.5-20150702.so.1
7fd5094a7000-7fd5095a7000 r-xp 00000000 ca:01 169813                     /usr/lib64/libm-2.17.so
7fd5095a7000-7fd5097a7000 ---p 00100000 ca:01 169813                     /usr/lib64/libm-2.17.so
7fd5097a7000-7fd5097a8000 r--p 00100000 ca:01 169813                     /usr/lib64/libm-2.17.so
7fd5097a8000-7fd5097a9000 rw-p 00101000 ca:01 169813                     /usr/lib64/libm-2.17.so
7fd5097a9000-7fd509892000 r-xp 00000000 ca:01 86050                      /usr/lib64/libstdc++.so.6.0.19
7fd509892000-7fd509a92000 ---p 000e9000 ca:01 86050                      /usr/lib64/libstdc++.so.6.0.19
7fd509a92000-7fd509a9b000 r--p 000e9000 ca:01 86050                      /usr/lib64/libstdc++.so.6.0.19
7fd509a9b000-7fd509a9d000 rw-p 000f2000 ca:01 86050                      /usr/lib64/libstdc++.so.6.0.19
7fd509a9d000-7fd509ab2000 rw-p 00000000 00:00 0 
7fd509ab2000-7fd50a6c4000 r-xp 00000000 ca:01 343948237                  /usr/lib/jvm/java-1.8.0-openjdk-1.8.0.131-2.b11.el7_3.x86_64/jre/lib/amd64/server/libjvm.so
7fd50a6c4000-7fd50a8c3000 ---p 00c12000 ca:01 343948237                  /usr/lib/jvm/java-1.8.0-openjdk-1.8.0.131-2.b11.el7_3.x86_64/jre/lib/amd64/server/libjvm.so
7fd50a8c3000-7fd50a962000 r--p 00c11000 ca:01 343948237                  /usr/lib/jvm/java-1.8.0-openjdk-1.8.0.131-2.b11.el7_3.x86_64/jre/lib/amd64/server/libjvm.so
7fd50a962000-7fd50a98b000 rw-p 00cb0000 ca:01 343948237                  /usr/lib/jvm/java-1.8.0-openjdk-1.8.0.131-2.b11.el7_3.x86_64/jre/lib/amd64/server/libjvm.so
7fd50a98b000-7fd50a9bd000 rw-p 00000000 00:00 0 
7fd50a9bd000-7fd50ab73000 r-xp 00000000 ca:01 18076                      /usr/lib64/libc-2.17.so
7fd50ab73000-7fd50ad73000 ---p 001b6000 ca:01 18076                      /usr/lib64/libc-2.17.so
7fd50ad73000-7fd50ad77000 r--p 001b6000 ca:01 18076                      /usr/lib64/libc-2.17.so
7fd50ad77000-7fd50ad79000 rw-p 001ba000 ca:01 18076                      /usr/lib64/libc-2.17.so
7fd50ad79000-7fd50ad7e000 rw-p 00000000 00:00 0 
7fd50ad7e000-7fd50ad80000 r-xp 00000000 ca:01 169811                     /usr/lib64/libdl-2.17.so
7fd50ad80000-7fd50af80000 ---p 00002000 ca:01 169811                     /usr/lib64/libdl-2.17.so
7fd50af80000-7fd50af81000 r--p 00002000 ca:01 169811                     /usr/lib64/libdl-2.17.so
7fd50af81000-7fd50af82000 rw-p 00003000 ca:01 169811                     /usr/lib64/libdl-2.17.so
7fd50af82000-7fd50af90000 r-xp 00000000 ca:01 335560005                  /usr/lib/jvm/java-1.8.0-openjdk-1.8.0.131-2.b11.el7_3.x86_64/jre/lib/amd64/jli/libjli.so
7fd50af90000-7fd50b18f000 ---p 0000e000 ca:01 335560005                  /usr/lib/jvm/java-1.8.0-openjdk-1.8.0.131-2.b11.el7_3.x86_64/jre/lib/amd64/jli/libjli.so
7fd50b18f000-7fd50b190000 r--p 0000d000 ca:01 335560005                  /usr/lib/jvm/java-1.8.0-openjdk-1.8.0.131-2.b11.el7_3.x86_64/jre/lib/amd64/jli/libjli.so
7fd50b190000-7fd50b191000 rw-p 0000e000 ca:01 335560005                  /usr/lib/jvm/java-1.8.0-openjdk-1.8.0.131-2.b11.el7_3.x86_64/jre/lib/amd64/jli/libjli.so
7fd50b191000-7fd50b1a6000 r-xp 00000000 ca:01 88259                      /usr/lib64/libz.so.1.2.7
7fd50b1a6000-7fd50b3a5000 ---p 00015000 ca:01 88259                      /usr/lib64/libz.so.1.2.7
7fd50b3a5000-7fd50b3a6000 r--p 00014000 ca:01 88259                      /usr/lib64/libz.so.1.2.7
7fd50b3a6000-7fd50b3a7000 rw-p 00015000 ca:01 88259                      /usr/lib64/libz.so.1.2.7
7fd50b3a7000-7fd50b3be000 r-xp 00000000 ca:01 233894                     /usr/lib64/libpthread-2.17.so
7fd50b3be000-7fd50b5bd000 ---p 00017000 ca:01 233894                     /usr/lib64/libpthread-2.17.so
7fd50b5bd000-7fd50b5be000 r--p 00016000 ca:01 233894                     /usr/lib64/libpthread-2.17.so
7fd50b5be000-7fd50b5bf000 rw-p 00017000 ca:01 233894                     /usr/lib64/libpthread-2.17.so
7fd50b5bf000-7fd50b5c3000 rw-p 00000000 00:00 0 
7fd50b5c3000-7fd50b5e3000 r-xp 00000000 ca:01 18067                      /usr/lib64/ld-2.17.so
7fd50b699000-7fd50b6ce000 r--s 00000000 ca:01 8423556                    /var/db/nscd/passwd
7fd50b6ce000-7fd50b6d1000 ---p 00000000 00:00 0 
7fd50b6d1000-7fd50b7d5000 rw-p 00000000 00:00 0                          [stack:126601]
7fd50b7d5000-7fd50b7d7000 rw-p 00000000 00:00 0 
7fd50b7d7000-7fd50b7df000 rw-s 00000000 ca:01 285260776                  /tmp/hsperfdata_simpson.d.1/126599
7fd50b7df000-7fd50b7e0000 rw-p 00000000 00:00 0 
7fd50b7e0000-7fd50b7e1000 r--p 00000000 00:00 0 
7fd50b7e1000-7fd50b7e2000 rw-p 00000000 00:00 0 
7fd50b7e2000-7fd50b7e3000 r--p 0001f000 ca:01 18067                      /usr/lib64/ld-2.17.so
7fd50b7e3000-7fd50b7e4000 rw-p 00020000 ca:01 18067                      /usr/lib64/ld-2.17.so
7fd50b7e4000-7fd50b7e5000 rw-p 00000000 00:00 0 
7ffc7145e000-7ffc7147f000 rw-p 00000000 00:00 0                          [stack]
7ffc715df000-7ffc715e1000 r-xp 00000000 00:00 0                          [vdso]
ffffffffff600000-ffffffffff601000 r-xp 00000000 00:00 0                  [vsyscall]

VM Arguments:
jvm_args: -Xms5G -Xmx8G -ea 
java_command: water.H2OApp -name H2O_started_from_R_simpson.d.1_zxq850 -ip localhost -port 54321 -ice_root /tmp/Rtmp5Pv1Vn
java_class_path (initial): /home/simpson.d.1/R/x86_64-redhat-linux-gnu-library/3.3/h2o/java/h2o.jar
Launcher Type: SUN_STANDARD

Environment Variables:
PATH=/usr/local/sbin:/usr/local/bin:/usr/sbin:/usr/bin
LD_LIBRARY_PATH=/usr/lib/jvm/java-1.8.0-openjdk-1.8.0.131-2.b11.el7_3.x86_64/jre/lib/amd64/server:/usr/lib/jvm/java-1.8.0-openjdk-1.8.0.131-2.b11.el7_3.x86_64/jre/lib/amd64:/usr/lib/jvm/java-1.8.0-openjdk-1.8.0.131-2.b11.el7_3.x86_64/jre/../lib/amd64:/usr/lib64/R/lib::/lib:/usr/lib/jvm/jre/lib/amd64/server:/usr/lib/jvm/jre/lib/amd64:/usr/lib/jvm/java/lib/amd64:/usr/java/packages/lib/amd64:/lib:/usr/lib:@JAVA_LD@
DISPLAY=:0

Signal Handlers:
SIGSEGV: [libjvm.so+0xa15d20], sa_mask[0]=11111111011111111101111111111110, sa_flags=SA_RESTART|SA_SIGINFO
SIGBUS: [libjvm.so+0xa15d20], sa_mask[0]=11111111011111111101111111111110, sa_flags=SA_RESTART|SA_SIGINFO
SIGFPE: [libjvm.so+0x871070], sa_mask[0]=11111111011111111101111111111110, sa_flags=SA_RESTART|SA_SIGINFO
SIGPIPE: [libjvm.so+0x871070], sa_mask[0]=11111111011111111101111111111110, sa_flags=SA_RESTART|SA_SIGINFO
SIGXFSZ: [libjvm.so+0x871070], sa_mask[0]=11111111011111111101111111111110, sa_flags=SA_RESTART|SA_SIGINFO
SIGILL: [libjvm.so+0x871070], sa_mask[0]=11111111011111111101111111111110, sa_flags=SA_RESTART|SA_SIGINFO
SIGUSR1: SIG_DFL, sa_mask[0]=00000000000000000000000000000000, sa_flags=none
SIGUSR2: [libjvm.so+0x870f20], sa_mask[0]=00000000000000000000000000000000, sa_flags=SA_RESTART|SA_SIGINFO
SIGHUP: SIG_IGN, sa_mask[0]=00000000000000000000000000000000, sa_flags=none
SIGINT: SIG_IGN, sa_mask[0]=00000000000000000000000000000000, sa_flags=none
SIGTERM: SIG_DFL, sa_mask[0]=00000000000000000000000000000000, sa_flags=none
SIGQUIT: SIG_IGN, sa_mask[0]=00000000000000000000000000000000, sa_flags=none


---------------  S Y S T E M  ---------------

OS:CentOS Linux release 7.3.1611 (Core) 

uname:Linux 3.10.0-514.10.2.el7.x86_64 #1 SMP Fri Mar 3 00:04:05 UTC 2017 x86_64
libc:glibc 2.17 NPTL 2.17 
rlimit: STACK 8192k, CORE 0k, NPROC 256855, NOFILE 4096, AS infinity
load average:2.84 6.70 6.94

/proc/meminfo:
MemTotal:       65532020 kB
MemFree:         2936316 kB
MemAvailable:    3316656 kB
Buffers:             712 kB
Cached:          7181616 kB
SwapCached:            0 kB
Active:         59641092 kB
Inactive:        1491424 kB
Active(anon):   59517948 kB
Inactive(anon):  1256668 kB
Active(file):     123144 kB
Inactive(file):   234756 kB
Unevictable:           0 kB
Mlocked:               0 kB
SwapTotal:             0 kB
SwapFree:              0 kB
Dirty:               556 kB
Writeback:             0 kB
AnonPages:      53950100 kB
Mapped:           129956 kB
Shmem:           6823920 kB
Slab:             722572 kB
SReclaimable:     550224 kB
SUnreclaim:       172348 kB
KernelStack:       63616 kB
PageTables:       221020 kB
NFS_Unstable:          0 kB
Bounce:                0 kB
WritebackTmp:          0 kB
CommitLimit:    32766008 kB
Committed_AS:   92140528 kB
VmallocTotal:   34359738367 kB
VmallocUsed:      147744 kB
VmallocChunk:   34359582460 kB
HardwareCorrupted:     0 kB
AnonHugePages:         0 kB
HugePages_Total:       0
HugePages_Free:        0
HugePages_Rsvd:        0
HugePages_Surp:        0
Hugepagesize:       2048 kB
DirectMap4k:      212992 kB
DirectMap2M:    15515648 kB
DirectMap1G:    51380224 kB


CPU:total 16 (initial active 16) (8 cores per cpu, 2 threads per core) family 6 model 79 stepping 1, cmov, cx8, fxsr, mmx, sse, sse2, sse3, ssse3, sse4.1, sse4.2, popcnt, avx, avx2, aes, clmul, erms, lzcnt, ht, tsc, bmi1, bmi2

/proc/cpuinfo:
processor	: 0
vendor_id	: GenuineIntel
cpu family	: 6
model		: 79
model name	: Intel(R) Xeon(R) CPU E5-2686 v4 @ 2.30GHz
stepping	: 1
microcode	: 0xb00001d
cpu MHz		: 2299.976
cache size	: 46080 KB
physical id	: 0
siblings	: 16
core id		: 0
cpu cores	: 8
apicid		: 0
initial apicid	: 0
fpu		: yes
fpu_exception	: yes
cpuid level	: 13
wp		: yes
flags		: fpu vme de pse tsc msr pae mce cx8 apic sep mtrr pge mca cmov pat pse36 clflush mmx fxsr sse sse2 ht syscall nx pdpe1gb rdtscp lm constant_tsc rep_good nopl xtopology eagerfpu pni pclmulqdq ssse3 fma cx16 pcid sse4_1 sse4_2 x2apic movbe popcnt tsc_deadline_timer aes xsave avx f16c rdrand hypervisor lahf_lm abm fsgsbase bmi1 avx2 smep bmi2 erms invpcid xsaveopt
bogomips	: 4600.08
clflush size	: 64
cache_alignment	: 64
address sizes	: 46 bits physical, 48 bits virtual
power management:

processor	: 1
vendor_id	: GenuineIntel
cpu family	: 6
model		: 79
model name	: Intel(R) Xeon(R) CPU E5-2686 v4 @ 2.30GHz
stepping	: 1
microcode	: 0xb00001d
cpu MHz		: 2299.976
cache size	: 46080 KB
physical id	: 0
siblings	: 16
core id		: 1
cpu cores	: 8
apicid		: 2
initial apicid	: 2
fpu		: yes
fpu_exception	: yes
cpuid level	: 13
wp		: yes
flags		: fpu vme de pse tsc msr pae mce cx8 apic sep mtrr pge mca cmov pat pse36 clflush mmx fxsr sse sse2 ht syscall nx pdpe1gb rdtscp lm constant_tsc rep_good nopl xtopology eagerfpu pni pclmulqdq ssse3 fma cx16 pcid sse4_1 sse4_2 x2apic movbe popcnt tsc_deadline_timer aes xsave avx f16c rdrand hypervisor lahf_lm abm fsgsbase bmi1 avx2 smep bmi2 erms invpcid xsaveopt
bogomips	: 4600.08
clflush size	: 64
cache_alignment	: 64
address sizes	: 46 bits physical, 48 bits virtual
power management:

processor	: 2
vendor_id	: GenuineIntel
cpu family	: 6
model		: 79
model name	: Intel(R) Xeon(R) CPU E5-2686 v4 @ 2.30GHz
stepping	: 1
microcode	: 0xb00001d
cpu MHz		: 2299.976
cache size	: 46080 KB
physical id	: 0
siblings	: 16
core id		: 2
cpu cores	: 8
apicid		: 4
initial apicid	: 4
fpu		: yes
fpu_exception	: yes
cpuid level	: 13
wp		: yes
flags		: fpu vme de pse tsc msr pae mce cx8 apic sep mtrr pge mca cmov pat pse36 clflush mmx fxsr sse sse2 ht syscall nx pdpe1gb rdtscp lm constant_tsc rep_good nopl xtopology eagerfpu pni pclmulqdq ssse3 fma cx16 pcid sse4_1 sse4_2 x2apic movbe popcnt tsc_deadline_timer aes xsave avx f16c rdrand hypervisor lahf_lm abm fsgsbase bmi1 avx2 smep bmi2 erms invpcid xsaveopt
bogomips	: 4600.08
clflush size	: 64
cache_alignment	: 64
address sizes	: 46 bits physical, 48 bits virtual
power management:

processor	: 3
vendor_id	: GenuineIntel
cpu family	: 6
model		: 79
model name	: Intel(R) Xeon(R) CPU E5-2686 v4 @ 2.30GHz
stepping	: 1
microcode	: 0xb00001d
cpu MHz		: 2299.976
cache size	: 46080 KB
physical id	: 0
siblings	: 16
core id		: 3
cpu cores	: 8
apicid		: 6
initial apicid	: 6
fpu		: yes
fpu_exception	: yes
cpuid level	: 13
wp		: yes
flags		: fpu vme de pse tsc msr pae mce cx8 apic sep mtrr pge mca cmov pat pse36 clflush mmx fxsr sse sse2 ht syscall nx pdpe1gb rdtscp lm constant_tsc rep_good nopl xtopology eagerfpu pni pclmulqdq ssse3 fma cx16 pcid sse4_1 sse4_2 x2apic movbe popcnt tsc_deadline_timer aes xsave avx f16c rdrand hypervisor lahf_lm abm fsgsbase bmi1 avx2 smep bmi2 erms invpcid xsaveopt
bogomips	: 4600.08
clflush size	: 64
cache_alignment	: 64
address sizes	: 46 bits physical, 48 bits virtual
power management:

processor	: 4
vendor_id	: GenuineIntel
cpu family	: 6
model		: 79
model name	: Intel(R) Xeon(R) CPU E5-2686 v4 @ 2.30GHz
stepping	: 1
microcode	: 0xb00001d
cpu MHz		: 2299.976
cache size	: 46080 KB
physical id	: 0
siblings	: 16
core id		: 4
cpu cores	: 8
apicid		: 8
initial apicid	: 8
fpu		: yes
fpu_exception	: yes
cpuid level	: 13
wp		: yes
flags		: fpu vme de pse tsc msr pae mce cx8 apic sep mtrr pge mca cmov pat pse36 clflush mmx fxsr sse sse2 ht syscall nx pdpe1gb rdtscp lm constant_tsc rep_good nopl xtopology eagerfpu pni pclmulqdq ssse3 fma cx16 pcid sse4_1 sse4_2 x2apic movbe popcnt tsc_deadline_timer aes xsave avx f16c rdrand hypervisor lahf_lm abm fsgsbase bmi1 avx2 smep bmi2 erms invpcid xsaveopt
bogomips	: 4600.08
clflush size	: 64
cache_alignment	: 64
address sizes	: 46 bits physical, 48 bits virtual
power management:

processor	: 5
vendor_id	: GenuineIntel
cpu family	: 6
model		: 79
model name	: Intel(R) Xeon(R) CPU E5-2686 v4 @ 2.30GHz
stepping	: 1
microcode	: 0xb00001d
cpu MHz		: 2299.976
cache size	: 46080 KB
physical id	: 0
siblings	: 16
core id		: 5
cpu cores	: 8
apicid		: 10
initial apicid	: 10
fpu		: yes
fpu_exception	: yes
cpuid level	: 13
wp		: yes
flags		: fpu vme de pse tsc msr pae mce cx8 apic sep mtrr pge mca cmov pat pse36 clflush mmx fxsr sse sse2 ht syscall nx pdpe1gb rdtscp lm constant_tsc rep_good nopl xtopology eagerfpu pni pclmulqdq ssse3 fma cx16 pcid sse4_1 sse4_2 x2apic movbe popcnt tsc_deadline_timer aes xsave avx f16c rdrand hypervisor lahf_lm abm fsgsbase bmi1 avx2 smep bmi2 erms invpcid xsaveopt
bogomips	: 4600.08
clflush size	: 64
cache_alignment	: 64
address sizes	: 46 bits physical, 48 bits virtual
power management:

processor	: 6
vendor_id	: GenuineIntel
cpu family	: 6
model		: 79
model name	: Intel(R) Xeon(R) CPU E5-2686 v4 @ 2.30GHz
stepping	: 1
microcode	: 0xb00001d
cpu MHz		: 2299.976
cache size	: 46080 KB
physical id	: 0
siblings	: 16
core id		: 6
cpu cores	: 8
apicid		: 12
initial apicid	: 12
fpu		: yes
fpu_exception	: yes
cpuid level	: 13
wp		: yes
flags		: fpu vme de pse tsc msr pae mce cx8 apic sep mtrr pge mca cmov pat pse36 clflush mmx fxsr sse sse2 ht syscall nx pdpe1gb rdtscp lm constant_tsc rep_good nopl xtopology eagerfpu pni pclmulqdq ssse3 fma cx16 pcid sse4_1 sse4_2 x2apic movbe popcnt tsc_deadline_timer aes xsave avx f16c rdrand hypervisor lahf_lm abm fsgsbase bmi1 avx2 smep bmi2 erms invpcid xsaveopt
bogomips	: 4600.08
clflush size	: 64
cache_alignment	: 64
address sizes	: 46 bits physical, 48 bits virtual
power management:

processor	: 7
vendor_id	: GenuineIntel
cpu family	: 6
model		: 79
model name	: Intel(R) Xeon(R) CPU E5-2686 v4 @ 2.30GHz
stepping	: 1
microcode	: 0xb00001d
cpu MHz		: 2299.976
cache size	: 46080 KB
physical id	: 0
siblings	: 16
core id		: 7
cpu cores	: 8
apicid		: 14
initial apicid	: 14
fpu		: yes
fpu_exception	: yes
cpuid level	: 13
wp		: yes
flags		: fpu vme de pse tsc msr pae mce cx8 apic sep mtrr pge mca cmov pat pse36 clflush mmx fxsr sse sse2 ht syscall nx pdpe1gb rdtscp lm constant_tsc rep_good nopl xtopology eagerfpu pni pclmulqdq ssse3 fma cx16 pcid sse4_1 sse4_2 x2apic movbe popcnt tsc_deadline_timer aes xsave avx f16c rdrand hypervisor lahf_lm abm fsgsbase bmi1 avx2 smep bmi2 erms invpcid xsaveopt
bogomips	: 4600.08
clflush size	: 64
cache_alignment	: 64
address sizes	: 46 bits physical, 48 bits virtual
power management:

processor	: 8
vendor_id	: GenuineIntel
cpu family	: 6
model		: 79
model name	: Intel(R) Xeon(R) CPU E5-2686 v4 @ 2.30GHz
stepping	: 1
microcode	: 0xb00001d
cpu MHz		: 2299.976
cache size	: 46080 KB
physical id	: 0
siblings	: 16
core id		: 0
cpu cores	: 8
apicid		: 1
initial apicid	: 1
fpu		: yes
fpu_exception	: yes
cpuid level	: 13
wp		: yes
flags		: fpu vme de pse tsc msr pae mce cx8 apic sep mtrr pge mca cmov pat pse36 clflush mmx fxsr sse sse2 ht syscall nx pdpe1gb rdtscp lm constant_tsc rep_good nopl xtopology eagerfpu pni pclmulqdq ssse3 fma cx16 pcid sse4_1 sse4_2 x2apic movbe popcnt tsc_deadline_timer aes xsave avx f16c rdrand hypervisor lahf_lm abm fsgsbase bmi1 avx2 smep bmi2 erms invpcid xsaveopt
bogomips	: 4600.08
clflush size	: 64
cache_alignment	: 64
address sizes	: 46 bits physical, 48 bits virtual
power management:

processor	: 9
vendor_id	: GenuineIntel
cpu family	: 6
model		: 79
model name	: Intel(R) Xeon(R) CPU E5-2686 v4 @ 2.30GHz
stepping	: 1
microcode	: 0xb00001d
cpu MHz		: 2299.976
cache size	: 46080 KB
physical id	: 0
siblings	: 16
core id		: 1
cpu cores	: 8
apicid		: 3
initial apicid	: 3
fpu		: yes
fpu_exception	: yes
cpuid level	: 13
wp		: yes
flags		: fpu vme de pse tsc msr pae mce cx8 apic sep mtrr pge mca cmov pat pse36 clflush mmx fxsr sse sse2 ht syscall nx pdpe1gb rdtscp lm constant_tsc rep_good nopl xtopology eagerfpu pni pclmulqdq ssse3 fma cx16 pcid sse4_1 sse4_2 x2apic movbe popcnt tsc_deadline_timer aes xsave avx f16c rdrand hypervisor lahf_lm abm fsgsbase bmi1 avx2 smep bmi2 erms invpcid xsaveopt
bogomips	: 4600.08
clflush size	: 64
cache_alignment	: 64
address sizes	: 46 bits physical, 48 bits virtual
power management:

processor	: 10
vendor_id	: GenuineIntel
cpu family	: 6
model		: 79
model name	: Intel(R) Xeon(R) CPU E5-2686 v4 @ 2.30GHz
stepping	: 1
microcode	: 0xb00001d
cpu MHz		: 2299.976
cache size	: 46080 KB
physical id	: 0
siblings	: 16
core id		: 2
cpu cores	: 8
apicid		: 5
initial apicid	: 5
fpu		: yes
fpu_exception	: yes
cpuid level	: 13
wp		: yes
flags		: fpu vme de pse tsc msr pae mce cx8 apic sep mtrr pge mca cmov pat pse36 clflush mmx fxsr sse sse2 ht syscall nx pdpe1gb rdtscp lm constant_tsc rep_good nopl xtopology eagerfpu pni pclmulqdq ssse3 fma cx16 pcid sse4_1 sse4_2 x2apic movbe popcnt tsc_deadline_timer aes xsave avx f16c rdrand hypervisor lahf_lm abm fsgsbase bmi1 avx2 smep bmi2 erms invpcid xsaveopt
bogomips	: 4600.08
clflush size	: 64
cache_alignment	: 64
address sizes	: 46 bits physical, 48 bits virtual
power management:

processor	: 11
vendor_id	: GenuineIntel
cpu family	: 6
model		: 79
model name	: Intel(R) Xeon(R) CPU E5-2686 v4 @ 2.30GHz
stepping	: 1
microcode	: 0xb00001d
cpu MHz		: 2299.976
cache size	: 46080 KB
physical id	: 0
siblings	: 16
core id		: 3
cpu cores	: 8
apicid		: 7
initial apicid	: 7
fpu		: yes
fpu_exception	: yes
cpuid level	: 13
wp		: yes
flags		: fpu vme de pse tsc msr pae mce cx8 apic sep mtrr pge mca cmov pat pse36 clflush mmx fxsr sse sse2 ht syscall nx pdpe1gb rdtscp lm constant_tsc rep_good nopl xtopology eagerfpu pni pclmulqdq ssse3 fma cx16 pcid sse4_1 sse4_2 x2apic movbe popcnt tsc_deadline_timer aes xsave avx f16c rdrand hypervisor lahf_lm abm fsgsbase bmi1 avx2 smep bmi2 erms invpcid xsaveopt
bogomips	: 4600.08
clflush size	: 64
cache_alignment	: 64
address sizes	: 46 bits physical, 48 bits virtual
power management:

processor	: 12
vendor_id	: GenuineIntel
cpu family	: 6
model		: 79
model name	: Intel(R) Xeon(R) CPU E5-2686 v4 @ 2.30GHz
stepping	: 1
microcode	: 0xb00001d
cpu MHz		: 2299.976
cache size	: 46080 KB
physical id	: 0
siblings	: 16
core id		: 4
cpu cores	: 8
apicid		: 9
initial apicid	: 9
fpu		: yes
fpu_exception	: yes
cpuid level	: 13
wp		: yes
flags		: fpu vme de pse tsc msr pae mce cx8 apic sep mtrr pge mca cmov pat pse36 clflush mmx fxsr sse sse2 ht syscall nx pdpe1gb rdtscp lm constant_tsc rep_good nopl xtopology eagerfpu pni pclmulqdq ssse3 fma cx16 pcid sse4_1 sse4_2 x2apic movbe popcnt tsc_deadline_timer aes xsave avx f16c rdrand hypervisor lahf_lm abm fsgsbase bmi1 avx2 smep bmi2 erms invpcid xsaveopt
bogomips	: 4600.08
clflush size	: 64
cache_alignment	: 64
address sizes	: 46 bits physical, 48 bits virtual
power management:

processor	: 13
vendor_id	: GenuineIntel
cpu family	: 6
model		: 79
model name	: Intel(R) Xeon(R) CPU E5-2686 v4 @ 2.30GHz
stepping	: 1
microcode	: 0xb00001d
cpu MHz		: 2299.976
cache size	: 46080 KB
physical id	: 0
siblings	: 16
core id		: 5
cpu cores	: 8
apicid		: 11
initial apicid	: 11
fpu		: yes
fpu_exception	: yes
cpuid level	: 13
wp		: yes
flags		: fpu vme de pse tsc msr pae mce cx8 apic sep mtrr pge mca cmov pat pse36 clflush mmx fxsr sse sse2 ht syscall nx pdpe1gb rdtscp lm constant_tsc rep_good nopl xtopology eagerfpu pni pclmulqdq ssse3 fma cx16 pcid sse4_1 sse4_2 x2apic movbe popcnt tsc_deadline_timer aes xsave avx f16c rdrand hypervisor lahf_lm abm fsgsbase bmi1 avx2 smep bmi2 erms invpcid xsaveopt
bogomips	: 4600.08
clflush size	: 64
cache_alignment	: 64
address sizes	: 46 bits physical, 48 bits virtual
power management:

processor	: 14
vendor_id	: GenuineIntel
cpu family	: 6
model		: 79
model name	: Intel(R) Xeon(R) CPU E5-2686 v4 @ 2.30GHz
stepping	: 1
microcode	: 0xb00001d
cpu MHz		: 2299.976
cache size	: 46080 KB
physical id	: 0
siblings	: 16
core id		: 6
cpu cores	: 8
apicid		: 13
initial apicid	: 13
fpu		: yes
fpu_exception	: yes
cpuid level	: 13
wp		: yes
flags		: fpu vme de pse tsc msr pae mce cx8 apic sep mtrr pge mca cmov pat pse36 clflush mmx fxsr sse sse2 ht syscall nx pdpe1gb rdtscp lm constant_tsc rep_good nopl xtopology eagerfpu pni pclmulqdq ssse3 fma cx16 pcid sse4_1 sse4_2 x2apic movbe popcnt tsc_deadline_timer aes xsave avx f16c rdrand hypervisor lahf_lm abm fsgsbase bmi1 avx2 smep bmi2 erms invpcid xsaveopt
bogomips	: 4600.08
clflush size	: 64
cache_alignment	: 64
address sizes	: 46 bits physical, 48 bits virtual
power management:

processor	: 15
vendor_id	: GenuineIntel
cpu family	: 6
model		: 79
model name	: Intel(R) Xeon(R) CPU E5-2686 v4 @ 2.30GHz
stepping	: 1
microcode	: 0xb00001d
cpu MHz		: 2299.976
cache size	: 46080 KB
physical id	: 0
siblings	: 16
core id		: 7
cpu cores	: 8
apicid		: 15
initial apicid	: 15
fpu		: yes
fpu_exception	: yes
cpuid level	: 13
wp		: yes
flags		: fpu vme de pse tsc msr pae mce cx8 apic sep mtrr pge mca cmov pat pse36 clflush mmx fxsr sse sse2 ht syscall nx pdpe1gb rdtscp lm constant_tsc rep_good nopl xtopology eagerfpu pni pclmulqdq ssse3 fma cx16 pcid sse4_1 sse4_2 x2apic movbe popcnt tsc_deadline_timer aes xsave avx f16c rdrand hypervisor lahf_lm abm fsgsbase bmi1 avx2 smep bmi2 erms invpcid xsaveopt
bogomips	: 4600.08
clflush size	: 64
cache_alignment	: 64
address sizes	: 46 bits physical, 48 bits virtual
power management:



Memory: 4k page, physical 65532020k(2936316k free), swap 0k(0k free)

vm_info: OpenJDK 64-Bit Server VM (25.131-b11) for linux-amd64 JRE (1.8.0_131-b11), built on Apr 20 2017 18:00:11 by "mockbuild" with gcc 4.8.5 20150623 (Red Hat 4.8.5-11)

time: Thu May 17 20:01:16 2018
elapsed time: 0 seconds (0d 0h 0m 0s)

