#
# There is insufficient memory for the Java Runtime Environment to continue.
# Native memory allocation (mmap) failed to map 3579314176 bytes for committing reserved memory.
# Possible reasons:
#   The system is out of physical RAM or swap space
#   In 32 bit mode, the process size limit was hit
# Possible solutions:
#   Reduce memory load on the system
#   Increase physical memory or swap space
#   Check if swap backing store is full
#   Use 64 bit Java on a 64 bit OS
#   Decrease Java heap size (-Xmx/-Xms)
#   Decrease number of Java threads
#   Decrease Java thread stack sizes (-Xss)
#   Set larger code cache with -XX:ReservedCodeCacheSize=
# This output file may be truncated or incomplete.
#
#  Out of Memory Error (os_linux.cpp:2651), pid=126596, tid=0x00007f778657d700
#
# JRE version:  (8.0_131-b11) (build )
# Java VM: OpenJDK 64-Bit Server VM (25.131-b11 mixed mode linux-amd64 compressed oops)
# Failed to write core dump. Core dumps have been disabled. To enable core dumping, try "ulimit -c unlimited" before starting Java again
#

---------------  T H R E A D  ---------------

Current thread (0x00007f7780008000):  JavaThread "Unknown thread" [_thread_in_vm, id=126597, stack(0x00007f778647d000,0x00007f778657e000)]

Stack: [0x00007f778647d000,0x00007f778657e000],  sp=0x00007f778657c5c0,  free space=1021k
Native frames: (J=compiled Java code, j=interpreted, Vv=VM code, C=native code)
V  [libjvm.so+0xa1520d]
V  [libjvm.so+0x4c79ca]
V  [libjvm.so+0x8757b0]
V  [libjvm.so+0x86feae]
V  [libjvm.so+0x8e7ccb]
V  [libjvm.so+0x8d97c8]
V  [libjvm.so+0x2ca943]
V  [libjvm.so+0x899ee0]
V  [libjvm.so+0x9df509]
V  [libjvm.so+0x9df712]
V  [libjvm.so+0x5f3655]
V  [libjvm.so+0x9c2e1e]
V  [libjvm.so+0x66665f]  JNI_CreateJavaVM+0x5f
C  [libjli.so+0x3057]
C  [libpthread.so.0+0x7dc5]  start_thread+0xc5


---------------  P R O C E S S  ---------------

Java Threads: ( => current thread )

Other Threads:

=>0x00007f7780008000 (exited) JavaThread "Unknown thread" [_thread_in_vm, id=126597, stack(0x00007f778647d000,0x00007f778657e000)]

VM state:not at safepoint (not fully initialized)

VM Mutex/Monitor currently owned by a thread: None

GC Heap History (0 events):
No events

Deoptimization events (0 events):
No events

Internal exceptions (0 events):
No events

Events (0 events):
No events


Dynamic libraries:
00400000-00401000 r-xp 00000000 ca:01 302358712                          /usr/lib/jvm/java-1.8.0-openjdk-1.8.0.131-2.b11.el7_3.x86_64/jre/bin/java
00600000-00601000 r--p 00000000 ca:01 302358712                          /usr/lib/jvm/java-1.8.0-openjdk-1.8.0.131-2.b11.el7_3.x86_64/jre/bin/java
00601000-00602000 rw-p 00001000 ca:01 302358712                          /usr/lib/jvm/java-1.8.0-openjdk-1.8.0.131-2.b11.el7_3.x86_64/jre/bin/java
00adb000-00afc000 rw-p 00000000 00:00 0                                  [heap]
695580000-715580000 ---p 00000000 00:00 0 
715580000-780000000 rw-p 00000000 00:00 0 
780000000-7c0000000 ---p 00000000 00:00 0 
7f776f3ef000-7f776fe99000 ---p 00000000 00:00 0 
7f776fe99000-7f77701ef000 rw-p 00000000 00:00 0 
7f77701ef000-7f77703ef000 ---p 00000000 00:00 0 
7f77703ef000-7f77703fa000 rw-p 00000000 00:00 0 
7f77703fa000-7f77707b0000 ---p 00000000 00:00 0 
7f77707b0000-7f7770a20000 rwxp 00000000 00:00 0 
7f7770a20000-7f777f7b0000 ---p 00000000 00:00 0 
7f777f7b0000-7f777f7b8000 r-xp 00000000 ca:01 318871423                  /usr/lib/jvm/java-1.8.0-openjdk-1.8.0.131-2.b11.el7_3.x86_64/jre/lib/amd64/libzip.so
7f777f7b8000-7f777f9b7000 ---p 00008000 ca:01 318871423                  /usr/lib/jvm/java-1.8.0-openjdk-1.8.0.131-2.b11.el7_3.x86_64/jre/lib/amd64/libzip.so
7f777f9b7000-7f777f9b8000 r--p 00007000 ca:01 318871423                  /usr/lib/jvm/java-1.8.0-openjdk-1.8.0.131-2.b11.el7_3.x86_64/jre/lib/amd64/libzip.so
7f777f9b8000-7f777f9b9000 rw-p 00008000 ca:01 318871423                  /usr/lib/jvm/java-1.8.0-openjdk-1.8.0.131-2.b11.el7_3.x86_64/jre/lib/amd64/libzip.so
7f777f9b9000-7f777f9e6000 r-xp 00000000 ca:01 318871403                  /usr/lib/jvm/java-1.8.0-openjdk-1.8.0.131-2.b11.el7_3.x86_64/jre/lib/amd64/libjava.so
7f777f9e6000-7f777fbe6000 ---p 0002d000 ca:01 318871403                  /usr/lib/jvm/java-1.8.0-openjdk-1.8.0.131-2.b11.el7_3.x86_64/jre/lib/amd64/libjava.so
7f777fbe6000-7f777fbe7000 r--p 0002d000 ca:01 318871403                  /usr/lib/jvm/java-1.8.0-openjdk-1.8.0.131-2.b11.el7_3.x86_64/jre/lib/amd64/libjava.so
7f777fbe7000-7f777fbe9000 rw-p 0002e000 ca:01 318871403                  /usr/lib/jvm/java-1.8.0-openjdk-1.8.0.131-2.b11.el7_3.x86_64/jre/lib/amd64/libjava.so
7f777fbe9000-7f777fbf6000 r-xp 00000000 ca:01 318871422                  /usr/lib/jvm/java-1.8.0-openjdk-1.8.0.131-2.b11.el7_3.x86_64/jre/lib/amd64/libverify.so
7f777fbf6000-7f777fdf5000 ---p 0000d000 ca:01 318871422                  /usr/lib/jvm/java-1.8.0-openjdk-1.8.0.131-2.b11.el7_3.x86_64/jre/lib/amd64/libverify.so
7f777fdf5000-7f777fdf7000 r--p 0000c000 ca:01 318871422                  /usr/lib/jvm/java-1.8.0-openjdk-1.8.0.131-2.b11.el7_3.x86_64/jre/lib/amd64/libverify.so
7f777fdf7000-7f777fdf8000 rw-p 0000e000 ca:01 318871422                  /usr/lib/jvm/java-1.8.0-openjdk-1.8.0.131-2.b11.el7_3.x86_64/jre/lib/amd64/libverify.so
7f777fdf8000-7f777fdff000 r-xp 00000000 ca:01 233898                     /usr/lib64/librt-2.17.so
7f777fdff000-7f777fffe000 ---p 00007000 ca:01 233898                     /usr/lib64/librt-2.17.so
7f777fffe000-7f777ffff000 r--p 00006000 ca:01 233898                     /usr/lib64/librt-2.17.so
7f777ffff000-7f7780000000 rw-p 00007000 ca:01 233898                     /usr/lib64/librt-2.17.so
7f7780000000-7f778002f000 rw-p 00000000 00:00 0 
7f778002f000-7f7784000000 ---p 00000000 00:00 0 
7f7784040000-7f7784055000 r-xp 00000000 ca:01 716                        /usr/lib64/libgcc_s-4.8.5-20150702.so.1
7f7784055000-7f7784254000 ---p 00015000 ca:01 716                        /usr/lib64/libgcc_s-4.8.5-20150702.so.1
7f7784254000-7f7784255000 r--p 00014000 ca:01 716                        /usr/lib64/libgcc_s-4.8.5-20150702.so.1
7f7784255000-7f7784256000 rw-p 00015000 ca:01 716                        /usr/lib64/libgcc_s-4.8.5-20150702.so.1
7f7784256000-7f7784356000 r-xp 00000000 ca:01 169813                     /usr/lib64/libm-2.17.so
7f7784356000-7f7784556000 ---p 00100000 ca:01 169813                     /usr/lib64/libm-2.17.so
7f7784556000-7f7784557000 r--p 00100000 ca:01 169813                     /usr/lib64/libm-2.17.so
7f7784557000-7f7784558000 rw-p 00101000 ca:01 169813                     /usr/lib64/libm-2.17.so
7f7784558000-7f7784641000 r-xp 00000000 ca:01 86050                      /usr/lib64/libstdc++.so.6.0.19
7f7784641000-7f7784841000 ---p 000e9000 ca:01 86050                      /usr/lib64/libstdc++.so.6.0.19
7f7784841000-7f778484a000 r--p 000e9000 ca:01 86050                      /usr/lib64/libstdc++.so.6.0.19
7f778484a000-7f778484c000 rw-p 000f2000 ca:01 86050                      /usr/lib64/libstdc++.so.6.0.19
7f778484c000-7f7784861000 rw-p 00000000 00:00 0 
7f7784861000-7f7785473000 r-xp 00000000 ca:01 343948237                  /usr/lib/jvm/java-1.8.0-openjdk-1.8.0.131-2.b11.el7_3.x86_64/jre/lib/amd64/server/libjvm.so
7f7785473000-7f7785672000 ---p 00c12000 ca:01 343948237                  /usr/lib/jvm/java-1.8.0-openjdk-1.8.0.131-2.b11.el7_3.x86_64/jre/lib/amd64/server/libjvm.so
7f7785672000-7f7785711000 r--p 00c11000 ca:01 343948237                  /usr/lib/jvm/java-1.8.0-openjdk-1.8.0.131-2.b11.el7_3.x86_64/jre/lib/amd64/server/libjvm.so
7f7785711000-7f778573a000 rw-p 00cb0000 ca:01 343948237                  /usr/lib/jvm/java-1.8.0-openjdk-1.8.0.131-2.b11.el7_3.x86_64/jre/lib/amd64/server/libjvm.so
7f778573a000-7f778576c000 rw-p 00000000 00:00 0 
7f778576c000-7f7785922000 r-xp 00000000 ca:01 18076                      /usr/lib64/libc-2.17.so
7f7785922000-7f7785b22000 ---p 001b6000 ca:01 18076                      /usr/lib64/libc-2.17.so
7f7785b22000-7f7785b26000 r--p 001b6000 ca:01 18076                      /usr/lib64/libc-2.17.so
7f7785b26000-7f7785b28000 rw-p 001ba000 ca:01 18076                      /usr/lib64/libc-2.17.so
7f7785b28000-7f7785b2d000 rw-p 00000000 00:00 0 
7f7785b2d000-7f7785b2f000 r-xp 00000000 ca:01 169811                     /usr/lib64/libdl-2.17.so
7f7785b2f000-7f7785d2f000 ---p 00002000 ca:01 169811                     /usr/lib64/libdl-2.17.so
7f7785d2f000-7f7785d30000 r--p 00002000 ca:01 169811                     /usr/lib64/libdl-2.17.so
7f7785d30000-7f7785d31000 rw-p 00003000 ca:01 169811                     /usr/lib64/libdl-2.17.so
7f7785d31000-7f7785d3f000 r-xp 00000000 ca:01 335560005                  /usr/lib/jvm/java-1.8.0-openjdk-1.8.0.131-2.b11.el7_3.x86_64/jre/lib/amd64/jli/libjli.so
7f7785d3f000-7f7785f3e000 ---p 0000e000 ca:01 335560005                  /usr/lib/jvm/java-1.8.0-openjdk-1.8.0.131-2.b11.el7_3.x86_64/jre/lib/amd64/jli/libjli.so
7f7785f3e000-7f7785f3f000 r--p 0000d000 ca:01 335560005                  /usr/lib/jvm/java-1.8.0-openjdk-1.8.0.131-2.b11.el7_3.x86_64/jre/lib/amd64/jli/libjli.so
7f7785f3f000-7f7785f40000 rw-p 0000e000 ca:01 335560005                  /usr/lib/jvm/java-1.8.0-openjdk-1.8.0.131-2.b11.el7_3.x86_64/jre/lib/amd64/jli/libjli.so
7f7785f40000-7f7785f55000 r-xp 00000000 ca:01 88259                      /usr/lib64/libz.so.1.2.7
7f7785f55000-7f7786154000 ---p 00015000 ca:01 88259                      /usr/lib64/libz.so.1.2.7
7f7786154000-7f7786155000 r--p 00014000 ca:01 88259                      /usr/lib64/libz.so.1.2.7
7f7786155000-7f7786156000 rw-p 00015000 ca:01 88259                      /usr/lib64/libz.so.1.2.7
7f7786156000-7f778616d000 r-xp 00000000 ca:01 233894                     /usr/lib64/libpthread-2.17.so
7f778616d000-7f778636c000 ---p 00017000 ca:01 233894                     /usr/lib64/libpthread-2.17.so
7f778636c000-7f778636d000 r--p 00016000 ca:01 233894                     /usr/lib64/libpthread-2.17.so
7f778636d000-7f778636e000 rw-p 00017000 ca:01 233894                     /usr/lib64/libpthread-2.17.so
7f778636e000-7f7786372000 rw-p 00000000 00:00 0 
7f7786372000-7f7786392000 r-xp 00000000 ca:01 18067                      /usr/lib64/ld-2.17.so
7f7786448000-7f778647d000 r--s 00000000 ca:01 8423556                    /var/db/nscd/passwd
7f778647d000-7f7786480000 ---p 00000000 00:00 0 
7f7786480000-7f7786584000 rw-p 00000000 00:00 0                          [stack:126597]
7f7786584000-7f7786586000 rw-p 00000000 00:00 0 
7f7786586000-7f778658e000 rw-s 00000000 ca:01 285260776                  /tmp/hsperfdata_simpson.d.1/126596
7f778658e000-7f778658f000 rw-p 00000000 00:00 0 
7f778658f000-7f7786590000 r--p 00000000 00:00 0 
7f7786590000-7f7786591000 rw-p 00000000 00:00 0 
7f7786591000-7f7786592000 r--p 0001f000 ca:01 18067                      /usr/lib64/ld-2.17.so
7f7786592000-7f7786593000 rw-p 00020000 ca:01 18067                      /usr/lib64/ld-2.17.so
7f7786593000-7f7786594000 rw-p 00000000 00:00 0 
7ffd4d049000-7ffd4d06a000 rw-p 00000000 00:00 0                          [stack]
7ffd4d0bc000-7ffd4d0be000 r-xp 00000000 00:00 0                          [vdso]
ffffffffff600000-ffffffffff601000 r-xp 00000000 00:00 0                  [vsyscall]

VM Arguments:
jvm_args: -Xms5G -Xmx8G 
java_command: <unknown>
java_class_path (initial): .
Launcher Type: SUN_STANDARD

Environment Variables:
PATH=/usr/local/sbin:/usr/local/bin:/usr/sbin:/usr/bin
LD_LIBRARY_PATH=/usr/lib/jvm/java-1.8.0-openjdk-1.8.0.131-2.b11.el7_3.x86_64/jre/lib/amd64/server:/usr/lib/jvm/java-1.8.0-openjdk-1.8.0.131-2.b11.el7_3.x86_64/jre/lib/amd64:/usr/lib/jvm/java-1.8.0-openjdk-1.8.0.131-2.b11.el7_3.x86_64/jre/../lib/amd64:/usr/lib64/R/lib::/lib:/usr/lib/jvm/jre/lib/amd64/server:/usr/lib/jvm/jre/lib/amd64:/usr/lib/jvm/java/lib/amd64:/usr/java/packages/lib/amd64:/lib:/usr/lib:@JAVA_LD@
DISPLAY=:0

Signal Handlers:
SIGSEGV: [libjvm.so+0xa15d20], sa_mask[0]=11111111011111111101111111111110, sa_flags=SA_RESTART|SA_SIGINFO
SIGBUS: [libjvm.so+0xa15d20], sa_mask[0]=11111111011111111101111111111110, sa_flags=SA_RESTART|SA_SIGINFO
SIGFPE: [libjvm.so+0x871070], sa_mask[0]=11111111011111111101111111111110, sa_flags=SA_RESTART|SA_SIGINFO
SIGPIPE: [libjvm.so+0x871070], sa_mask[0]=11111111011111111101111111111110, sa_flags=SA_RESTART|SA_SIGINFO
SIGXFSZ: [libjvm.so+0x871070], sa_mask[0]=11111111011111111101111111111110, sa_flags=SA_RESTART|SA_SIGINFO
SIGILL: [libjvm.so+0x871070], sa_mask[0]=11111111011111111101111111111110, sa_flags=SA_RESTART|SA_SIGINFO
SIGUSR1: SIG_DFL, sa_mask[0]=00000000000000000000000000000000, sa_flags=none
SIGUSR2: [libjvm.so+0x870f20], sa_mask[0]=00000000000000000000000000000000, sa_flags=SA_RESTART|SA_SIGINFO
SIGHUP: SIG_IGN, sa_mask[0]=00000000000000000000000000000000, sa_flags=none
SIGINT: SIG_DFL, sa_mask[0]=00000000000000000000000000000000, sa_flags=none
SIGTERM: SIG_DFL, sa_mask[0]=00000000000000000000000000000000, sa_flags=none
SIGQUIT: SIG_DFL, sa_mask[0]=00000000000000000000000000000000, sa_flags=none


---------------  S Y S T E M  ---------------

OS:CentOS Linux release 7.3.1611 (Core) 

uname:Linux 3.10.0-514.10.2.el7.x86_64 #1 SMP Fri Mar 3 00:04:05 UTC 2017 x86_64
libc:glibc 2.17 NPTL 2.17 
rlimit: STACK 8192k, CORE 0k, NPROC 256855, NOFILE 4096, AS infinity
load average:2.84 6.70 6.94

/proc/meminfo:
MemTotal:       65532020 kB
MemFree:         2937132 kB
MemAvailable:    3317472 kB
Buffers:             712 kB
Cached:          7181616 kB
SwapCached:            0 kB
Active:         59638020 kB
Inactive:        1494496 kB
Active(anon):   59517948 kB
Inactive(anon):  1256668 kB
Active(file):     120072 kB
Inactive(file):   237828 kB
Unevictable:           0 kB
Mlocked:               0 kB
SwapTotal:             0 kB
SwapFree:              0 kB
Dirty:               556 kB
Writeback:             0 kB
AnonPages:      53950704 kB
Mapped:           129956 kB
Shmem:           6823920 kB
Slab:             722572 kB
SReclaimable:     550224 kB
SUnreclaim:       172348 kB
KernelStack:       63616 kB
PageTables:       221020 kB
NFS_Unstable:          0 kB
Bounce:                0 kB
WritebackTmp:          0 kB
CommitLimit:    32766008 kB
Committed_AS:   92140528 kB
VmallocTotal:   34359738367 kB
VmallocUsed:      147744 kB
VmallocChunk:   34359582460 kB
HardwareCorrupted:     0 kB
AnonHugePages:         0 kB
HugePages_Total:       0
HugePages_Free:        0
HugePages_Rsvd:        0
HugePages_Surp:        0
Hugepagesize:       2048 kB
DirectMap4k:      212992 kB
DirectMap2M:    15515648 kB
DirectMap1G:    51380224 kB


CPU:total 16 (initial active 16) (8 cores per cpu, 2 threads per core) family 6 model 79 stepping 1, cmov, cx8, fxsr, mmx, sse, sse2, sse3, ssse3, sse4.1, sse4.2, popcnt, avx, avx2, aes, clmul, erms, lzcnt, ht, tsc, bmi1, bmi2

/proc/cpuinfo:
processor	: 0
vendor_id	: GenuineIntel
cpu family	: 6
model		: 79
model name	: Intel(R) Xeon(R) CPU E5-2686 v4 @ 2.30GHz
stepping	: 1
microcode	: 0xb00001d
cpu MHz		: 2299.976
cache size	: 46080 KB
physical id	: 0
siblings	: 16
core id		: 0
cpu cores	: 8
apicid		: 0
initial apicid	: 0
fpu		: yes
fpu_exception	: yes
cpuid level	: 13
wp		: yes
flags		: fpu vme de pse tsc msr pae mce cx8 apic sep mtrr pge mca cmov pat pse36 clflush mmx fxsr sse sse2 ht syscall nx pdpe1gb rdtscp lm constant_tsc rep_good nopl xtopology eagerfpu pni pclmulqdq ssse3 fma cx16 pcid sse4_1 sse4_2 x2apic movbe popcnt tsc_deadline_timer aes xsave avx f16c rdrand hypervisor lahf_lm abm fsgsbase bmi1 avx2 smep bmi2 erms invpcid xsaveopt
bogomips	: 4600.08
clflush size	: 64
cache_alignment	: 64
address sizes	: 46 bits physical, 48 bits virtual
power management:

processor	: 1
vendor_id	: GenuineIntel
cpu family	: 6
model		: 79
model name	: Intel(R) Xeon(R) CPU E5-2686 v4 @ 2.30GHz
stepping	: 1
microcode	: 0xb00001d
cpu MHz		: 2299.976
cache size	: 46080 KB
physical id	: 0
siblings	: 16
core id		: 1
cpu cores	: 8
apicid		: 2
initial apicid	: 2
fpu		: yes
fpu_exception	: yes
cpuid level	: 13
wp		: yes
flags		: fpu vme de pse tsc msr pae mce cx8 apic sep mtrr pge mca cmov pat pse36 clflush mmx fxsr sse sse2 ht syscall nx pdpe1gb rdtscp lm constant_tsc rep_good nopl xtopology eagerfpu pni pclmulqdq ssse3 fma cx16 pcid sse4_1 sse4_2 x2apic movbe popcnt tsc_deadline_timer aes xsave avx f16c rdrand hypervisor lahf_lm abm fsgsbase bmi1 avx2 smep bmi2 erms invpcid xsaveopt
bogomips	: 4600.08
clflush size	: 64
cache_alignment	: 64
address sizes	: 46 bits physical, 48 bits virtual
power management:

processor	: 2
vendor_id	: GenuineIntel
cpu family	: 6
model		: 79
model name	: Intel(R) Xeon(R) CPU E5-2686 v4 @ 2.30GHz
stepping	: 1
microcode	: 0xb00001d
cpu MHz		: 2299.976
cache size	: 46080 KB
physical id	: 0
siblings	: 16
core id		: 2
cpu cores	: 8
apicid		: 4
initial apicid	: 4
fpu		: yes
fpu_exception	: yes
cpuid level	: 13
wp		: yes
flags		: fpu vme de pse tsc msr pae mce cx8 apic sep mtrr pge mca cmov pat pse36 clflush mmx fxsr sse sse2 ht syscall nx pdpe1gb rdtscp lm constant_tsc rep_good nopl xtopology eagerfpu pni pclmulqdq ssse3 fma cx16 pcid sse4_1 sse4_2 x2apic movbe popcnt tsc_deadline_timer aes xsave avx f16c rdrand hypervisor lahf_lm abm fsgsbase bmi1 avx2 smep bmi2 erms invpcid xsaveopt
bogomips	: 4600.08
clflush size	: 64
cache_alignment	: 64
address sizes	: 46 bits physical, 48 bits virtual
power management:

processor	: 3
vendor_id	: GenuineIntel
cpu family	: 6
model		: 79
model name	: Intel(R) Xeon(R) CPU E5-2686 v4 @ 2.30GHz
stepping	: 1
microcode	: 0xb00001d
cpu MHz		: 2299.976
cache size	: 46080 KB
physical id	: 0
siblings	: 16
core id		: 3
cpu cores	: 8
apicid		: 6
initial apicid	: 6
fpu		: yes
fpu_exception	: yes
cpuid level	: 13
wp		: yes
flags		: fpu vme de pse tsc msr pae mce cx8 apic sep mtrr pge mca cmov pat pse36 clflush mmx fxsr sse sse2 ht syscall nx pdpe1gb rdtscp lm constant_tsc rep_good nopl xtopology eagerfpu pni pclmulqdq ssse3 fma cx16 pcid sse4_1 sse4_2 x2apic movbe popcnt tsc_deadline_timer aes xsave avx f16c rdrand hypervisor lahf_lm abm fsgsbase bmi1 avx2 smep bmi2 erms invpcid xsaveopt
bogomips	: 4600.08
clflush size	: 64
cache_alignment	: 64
address sizes	: 46 bits physical, 48 bits virtual
power management:

processor	: 4
vendor_id	: GenuineIntel
cpu family	: 6
model		: 79
model name	: Intel(R) Xeon(R) CPU E5-2686 v4 @ 2.30GHz
stepping	: 1
microcode	: 0xb00001d
cpu MHz		: 2299.976
cache size	: 46080 KB
physical id	: 0
siblings	: 16
core id		: 4
cpu cores	: 8
apicid		: 8
initial apicid	: 8
fpu		: yes
fpu_exception	: yes
cpuid level	: 13
wp		: yes
flags		: fpu vme de pse tsc msr pae mce cx8 apic sep mtrr pge mca cmov pat pse36 clflush mmx fxsr sse sse2 ht syscall nx pdpe1gb rdtscp lm constant_tsc rep_good nopl xtopology eagerfpu pni pclmulqdq ssse3 fma cx16 pcid sse4_1 sse4_2 x2apic movbe popcnt tsc_deadline_timer aes xsave avx f16c rdrand hypervisor lahf_lm abm fsgsbase bmi1 avx2 smep bmi2 erms invpcid xsaveopt
bogomips	: 4600.08
clflush size	: 64
cache_alignment	: 64
address sizes	: 46 bits physical, 48 bits virtual
power management:

processor	: 5
vendor_id	: GenuineIntel
cpu family	: 6
model		: 79
model name	: Intel(R) Xeon(R) CPU E5-2686 v4 @ 2.30GHz
stepping	: 1
microcode	: 0xb00001d
cpu MHz		: 2299.976
cache size	: 46080 KB
physical id	: 0
siblings	: 16
core id		: 5
cpu cores	: 8
apicid		: 10
initial apicid	: 10
fpu		: yes
fpu_exception	: yes
cpuid level	: 13
wp		: yes
flags		: fpu vme de pse tsc msr pae mce cx8 apic sep mtrr pge mca cmov pat pse36 clflush mmx fxsr sse sse2 ht syscall nx pdpe1gb rdtscp lm constant_tsc rep_good nopl xtopology eagerfpu pni pclmulqdq ssse3 fma cx16 pcid sse4_1 sse4_2 x2apic movbe popcnt tsc_deadline_timer aes xsave avx f16c rdrand hypervisor lahf_lm abm fsgsbase bmi1 avx2 smep bmi2 erms invpcid xsaveopt
bogomips	: 4600.08
clflush size	: 64
cache_alignment	: 64
address sizes	: 46 bits physical, 48 bits virtual
power management:

processor	: 6
vendor_id	: GenuineIntel
cpu family	: 6
model		: 79
model name	: Intel(R) Xeon(R) CPU E5-2686 v4 @ 2.30GHz
stepping	: 1
microcode	: 0xb00001d
cpu MHz		: 2299.976
cache size	: 46080 KB
physical id	: 0
siblings	: 16
core id		: 6
cpu cores	: 8
apicid		: 12
initial apicid	: 12
fpu		: yes
fpu_exception	: yes
cpuid level	: 13
wp		: yes
flags		: fpu vme de pse tsc msr pae mce cx8 apic sep mtrr pge mca cmov pat pse36 clflush mmx fxsr sse sse2 ht syscall nx pdpe1gb rdtscp lm constant_tsc rep_good nopl xtopology eagerfpu pni pclmulqdq ssse3 fma cx16 pcid sse4_1 sse4_2 x2apic movbe popcnt tsc_deadline_timer aes xsave avx f16c rdrand hypervisor lahf_lm abm fsgsbase bmi1 avx2 smep bmi2 erms invpcid xsaveopt
bogomips	: 4600.08
clflush size	: 64
cache_alignment	: 64
address sizes	: 46 bits physical, 48 bits virtual
power management:

processor	: 7
vendor_id	: GenuineIntel
cpu family	: 6
model		: 79
model name	: Intel(R) Xeon(R) CPU E5-2686 v4 @ 2.30GHz
stepping	: 1
microcode	: 0xb00001d
cpu MHz		: 2299.976
cache size	: 46080 KB
physical id	: 0
siblings	: 16
core id		: 7
cpu cores	: 8
apicid		: 14
initial apicid	: 14
fpu		: yes
fpu_exception	: yes
cpuid level	: 13
wp		: yes
flags		: fpu vme de pse tsc msr pae mce cx8 apic sep mtrr pge mca cmov pat pse36 clflush mmx fxsr sse sse2 ht syscall nx pdpe1gb rdtscp lm constant_tsc rep_good nopl xtopology eagerfpu pni pclmulqdq ssse3 fma cx16 pcid sse4_1 sse4_2 x2apic movbe popcnt tsc_deadline_timer aes xsave avx f16c rdrand hypervisor lahf_lm abm fsgsbase bmi1 avx2 smep bmi2 erms invpcid xsaveopt
bogomips	: 4600.08
clflush size	: 64
cache_alignment	: 64
address sizes	: 46 bits physical, 48 bits virtual
power management:

processor	: 8
vendor_id	: GenuineIntel
cpu family	: 6
model		: 79
model name	: Intel(R) Xeon(R) CPU E5-2686 v4 @ 2.30GHz
stepping	: 1
microcode	: 0xb00001d
cpu MHz		: 2299.976
cache size	: 46080 KB
physical id	: 0
siblings	: 16
core id		: 0
cpu cores	: 8
apicid		: 1
initial apicid	: 1
fpu		: yes
fpu_exception	: yes
cpuid level	: 13
wp		: yes
flags		: fpu vme de pse tsc msr pae mce cx8 apic sep mtrr pge mca cmov pat pse36 clflush mmx fxsr sse sse2 ht syscall nx pdpe1gb rdtscp lm constant_tsc rep_good nopl xtopology eagerfpu pni pclmulqdq ssse3 fma cx16 pcid sse4_1 sse4_2 x2apic movbe popcnt tsc_deadline_timer aes xsave avx f16c rdrand hypervisor lahf_lm abm fsgsbase bmi1 avx2 smep bmi2 erms invpcid xsaveopt
bogomips	: 4600.08
clflush size	: 64
cache_alignment	: 64
address sizes	: 46 bits physical, 48 bits virtual
power management:

processor	: 9
vendor_id	: GenuineIntel
cpu family	: 6
model		: 79
model name	: Intel(R) Xeon(R) CPU E5-2686 v4 @ 2.30GHz
stepping	: 1
microcode	: 0xb00001d
cpu MHz		: 2299.976
cache size	: 46080 KB
physical id	: 0
siblings	: 16
core id		: 1
cpu cores	: 8
apicid		: 3
initial apicid	: 3
fpu		: yes
fpu_exception	: yes
cpuid level	: 13
wp		: yes
flags		: fpu vme de pse tsc msr pae mce cx8 apic sep mtrr pge mca cmov pat pse36 clflush mmx fxsr sse sse2 ht syscall nx pdpe1gb rdtscp lm constant_tsc rep_good nopl xtopology eagerfpu pni pclmulqdq ssse3 fma cx16 pcid sse4_1 sse4_2 x2apic movbe popcnt tsc_deadline_timer aes xsave avx f16c rdrand hypervisor lahf_lm abm fsgsbase bmi1 avx2 smep bmi2 erms invpcid xsaveopt
bogomips	: 4600.08
clflush size	: 64
cache_alignment	: 64
address sizes	: 46 bits physical, 48 bits virtual
power management:

processor	: 10
vendor_id	: GenuineIntel
cpu family	: 6
model		: 79
model name	: Intel(R) Xeon(R) CPU E5-2686 v4 @ 2.30GHz
stepping	: 1
microcode	: 0xb00001d
cpu MHz		: 2299.976
cache size	: 46080 KB
physical id	: 0
siblings	: 16
core id		: 2
cpu cores	: 8
apicid		: 5
initial apicid	: 5
fpu		: yes
fpu_exception	: yes
cpuid level	: 13
wp		: yes
flags		: fpu vme de pse tsc msr pae mce cx8 apic sep mtrr pge mca cmov pat pse36 clflush mmx fxsr sse sse2 ht syscall nx pdpe1gb rdtscp lm constant_tsc rep_good nopl xtopology eagerfpu pni pclmulqdq ssse3 fma cx16 pcid sse4_1 sse4_2 x2apic movbe popcnt tsc_deadline_timer aes xsave avx f16c rdrand hypervisor lahf_lm abm fsgsbase bmi1 avx2 smep bmi2 erms invpcid xsaveopt
bogomips	: 4600.08
clflush size	: 64
cache_alignment	: 64
address sizes	: 46 bits physical, 48 bits virtual
power management:

processor	: 11
vendor_id	: GenuineIntel
cpu family	: 6
model		: 79
model name	: Intel(R) Xeon(R) CPU E5-2686 v4 @ 2.30GHz
stepping	: 1
microcode	: 0xb00001d
cpu MHz		: 2299.976
cache size	: 46080 KB
physical id	: 0
siblings	: 16
core id		: 3
cpu cores	: 8
apicid		: 7
initial apicid	: 7
fpu		: yes
fpu_exception	: yes
cpuid level	: 13
wp		: yes
flags		: fpu vme de pse tsc msr pae mce cx8 apic sep mtrr pge mca cmov pat pse36 clflush mmx fxsr sse sse2 ht syscall nx pdpe1gb rdtscp lm constant_tsc rep_good nopl xtopology eagerfpu pni pclmulqdq ssse3 fma cx16 pcid sse4_1 sse4_2 x2apic movbe popcnt tsc_deadline_timer aes xsave avx f16c rdrand hypervisor lahf_lm abm fsgsbase bmi1 avx2 smep bmi2 erms invpcid xsaveopt
bogomips	: 4600.08
clflush size	: 64
cache_alignment	: 64
address sizes	: 46 bits physical, 48 bits virtual
power management:

processor	: 12
vendor_id	: GenuineIntel
cpu family	: 6
model		: 79
model name	: Intel(R) Xeon(R) CPU E5-2686 v4 @ 2.30GHz
stepping	: 1
microcode	: 0xb00001d
cpu MHz		: 2299.976
cache size	: 46080 KB
physical id	: 0
siblings	: 16
core id		: 4
cpu cores	: 8
apicid		: 9
initial apicid	: 9
fpu		: yes
fpu_exception	: yes
cpuid level	: 13
wp		: yes
flags		: fpu vme de pse tsc msr pae mce cx8 apic sep mtrr pge mca cmov pat pse36 clflush mmx fxsr sse sse2 ht syscall nx pdpe1gb rdtscp lm constant_tsc rep_good nopl xtopology eagerfpu pni pclmulqdq ssse3 fma cx16 pcid sse4_1 sse4_2 x2apic movbe popcnt tsc_deadline_timer aes xsave avx f16c rdrand hypervisor lahf_lm abm fsgsbase bmi1 avx2 smep bmi2 erms invpcid xsaveopt
bogomips	: 4600.08
clflush size	: 64
cache_alignment	: 64
address sizes	: 46 bits physical, 48 bits virtual
power management:

processor	: 13
vendor_id	: GenuineIntel
cpu family	: 6
model		: 79
model name	: Intel(R) Xeon(R) CPU E5-2686 v4 @ 2.30GHz
stepping	: 1
microcode	: 0xb00001d
cpu MHz		: 2299.976
cache size	: 46080 KB
physical id	: 0
siblings	: 16
core id		: 5
cpu cores	: 8
apicid		: 11
initial apicid	: 11
fpu		: yes
fpu_exception	: yes
cpuid level	: 13
wp		: yes
flags		: fpu vme de pse tsc msr pae mce cx8 apic sep mtrr pge mca cmov pat pse36 clflush mmx fxsr sse sse2 ht syscall nx pdpe1gb rdtscp lm constant_tsc rep_good nopl xtopology eagerfpu pni pclmulqdq ssse3 fma cx16 pcid sse4_1 sse4_2 x2apic movbe popcnt tsc_deadline_timer aes xsave avx f16c rdrand hypervisor lahf_lm abm fsgsbase bmi1 avx2 smep bmi2 erms invpcid xsaveopt
bogomips	: 4600.08
clflush size	: 64
cache_alignment	: 64
address sizes	: 46 bits physical, 48 bits virtual
power management:

processor	: 14
vendor_id	: GenuineIntel
cpu family	: 6
model		: 79
model name	: Intel(R) Xeon(R) CPU E5-2686 v4 @ 2.30GHz
stepping	: 1
microcode	: 0xb00001d
cpu MHz		: 2299.976
cache size	: 46080 KB
physical id	: 0
siblings	: 16
core id		: 6
cpu cores	: 8
apicid		: 13
initial apicid	: 13
fpu		: yes
fpu_exception	: yes
cpuid level	: 13
wp		: yes
flags		: fpu vme de pse tsc msr pae mce cx8 apic sep mtrr pge mca cmov pat pse36 clflush mmx fxsr sse sse2 ht syscall nx pdpe1gb rdtscp lm constant_tsc rep_good nopl xtopology eagerfpu pni pclmulqdq ssse3 fma cx16 pcid sse4_1 sse4_2 x2apic movbe popcnt tsc_deadline_timer aes xsave avx f16c rdrand hypervisor lahf_lm abm fsgsbase bmi1 avx2 smep bmi2 erms invpcid xsaveopt
bogomips	: 4600.08
clflush size	: 64
cache_alignment	: 64
address sizes	: 46 bits physical, 48 bits virtual
power management:

processor	: 15
vendor_id	: GenuineIntel
cpu family	: 6
model		: 79
model name	: Intel(R) Xeon(R) CPU E5-2686 v4 @ 2.30GHz
stepping	: 1
microcode	: 0xb00001d
cpu MHz		: 2299.976
cache size	: 46080 KB
physical id	: 0
siblings	: 16
core id		: 7
cpu cores	: 8
apicid		: 15
initial apicid	: 15
fpu		: yes
fpu_exception	: yes
cpuid level	: 13
wp		: yes
flags		: fpu vme de pse tsc msr pae mce cx8 apic sep mtrr pge mca cmov pat pse36 clflush mmx fxsr sse sse2 ht syscall nx pdpe1gb rdtscp lm constant_tsc rep_good nopl xtopology eagerfpu pni pclmulqdq ssse3 fma cx16 pcid sse4_1 sse4_2 x2apic movbe popcnt tsc_deadline_timer aes xsave avx f16c rdrand hypervisor lahf_lm abm fsgsbase bmi1 avx2 smep bmi2 erms invpcid xsaveopt
bogomips	: 4600.08
clflush size	: 64
cache_alignment	: 64
address sizes	: 46 bits physical, 48 bits virtual
power management:



Memory: 4k page, physical 65532020k(2937132k free), swap 0k(0k free)

vm_info: OpenJDK 64-Bit Server VM (25.131-b11) for linux-amd64 JRE (1.8.0_131-b11), built on Apr 20 2017 18:00:11 by "mockbuild" with gcc 4.8.5 20150623 (Red Hat 4.8.5-11)

time: Thu May 17 20:01:16 2018
elapsed time: 0 seconds (0d 0h 0m 0s)

